  ObjectStorage_2D.cpp
E:\Git Repos\graphics_uu_2020\RayEngine\RayEngine_VS_CODE\Circle_2D.hpp(40,1): warning C4305: '+=': truncation from 'double' to 'float'
E:\Git Repos\graphics_uu_2020\RayEngine\RayEngine_VS_CODE\ObjectStorage_2D.cpp(16,29): warning C4305: 'initializing': truncation from 'double' to 'float'
E:\Git Repos\graphics_uu_2020\RayEngine\RayEngine_VS_CODE\ObjectStorage_2D.cpp(19,73): warning C4305: 'argument': truncation from 'double' to 'T'
          with
          [
              T=float
          ]
E:\Git Repos\graphics_uu_2020\RayEngine\RayEngine_VS_CODE\ObjectStorage_2D.cpp(20,41): warning C4244: 'argument': conversion from 'int' to 'T', possible loss of data
          with
          [
              T=float
          ]
E:\Git Repos\graphics_uu_2020\RayEngine\RayEngine_VS_CODE\ObjectStorage_2D.cpp(20,35): warning C4244: 'argument': conversion from 'int' to 'T', possible loss of data
          with
          [
              T=float
          ]
E:\Git Repos\graphics_uu_2020\RayEngine\RayEngine_VS_CODE\ObjectStorage_2D.cpp(20,74): warning C4305: 'argument': truncation from 'double' to 'T'
          with
          [
              T=float
          ]
E:\Git Repos\graphics_uu_2020\RayEngine\RayEngine_VS_CODE\ObjectStorage_2D.cpp(21,72): warning C4305: 'argument': truncation from 'double' to 'T'
          with
          [
              T=float
          ]
E:\Git Repos\graphics_uu_2020\RayEngine\RayEngine_VS_CODE\ObjectStorage_2D.cpp(31,60): warning C4244: 'argument': conversion from 'int' to 'T', possible loss of data
          with
          [
              T=float
          ]
E:\Git Repos\graphics_uu_2020\RayEngine\RayEngine_VS_CODE\ObjectStorage_2D.cpp(31,54): warning C4244: 'argument': conversion from 'int' to 'T', possible loss of data
          with
          [
              T=float
          ]
E:\Git Repos\graphics_uu_2020\RayEngine\RayEngine_VS_CODE\ObjectStorage_2D.cpp(32,60): warning C4244: 'argument': conversion from 'int' to 'T', possible loss of data
          with
          [
              T=float
          ]
E:\Git Repos\graphics_uu_2020\RayEngine\RayEngine_VS_CODE\ObjectStorage_2D.cpp(32,54): warning C4244: 'argument': conversion from 'int' to 'T', possible loss of data
          with
          [
              T=float
          ]
E:\Git Repos\graphics_uu_2020\RayEngine\RayEngine_VS_CODE\ObjectStorage_2D.cpp(33,60): warning C4244: 'argument': conversion from 'int' to 'T', possible loss of data
          with
          [
              T=float
          ]
E:\Git Repos\graphics_uu_2020\RayEngine\RayEngine_VS_CODE\ObjectStorage_2D.cpp(33,54): warning C4244: 'argument': conversion from 'int' to 'T', possible loss of data
          with
          [
              T=float
          ]
C:\Program Files (x86)\Microsoft Visual Studio\2019\Community\VC\Tools\MSVC\14.25.28610\include\xmemory(204,33): warning C4244: 'argument': conversion from '_Ty' to 'float', possible loss of data
          with
          [
              _Ty=int
          ]
C:\Program Files (x86)\Microsoft Visual Studio\2019\Community\VC\Tools\MSVC\14.25.28610\include\memory(1485): message : see reference to function template instantiation 'void std::_Construct_in_place<_Ty,sf::Vector2<float>,int,int,float>(_Ty &,sf::Vector2<float> &&,int &&,int &&,float &&) noexcept(false)' being compiled
          with
          [
              _Ty=Circle_2D
          ]
C:\Program Files (x86)\Microsoft Visual Studio\2019\Community\VC\Tools\MSVC\14.25.28610\include\memory(1583): message : see reference to function template instantiation 'std::_Ref_count_obj2<_Ty>::_Ref_count_obj2<sf::Vector2<float>,int,int,float>(sf::Vector2<float> &&,int &&,int &&,float &&)' being compiled
          with
          [
              _Ty=Circle_2D
          ]
C:\Program Files (x86)\Microsoft Visual Studio\2019\Community\VC\Tools\MSVC\14.25.28610\include\memory(1584): message : see reference to function template instantiation 'std::_Ref_count_obj2<_Ty>::_Ref_count_obj2<sf::Vector2<float>,int,int,float>(sf::Vector2<float> &&,int &&,int &&,float &&)' being compiled
          with
          [
              _Ty=Circle_2D
          ]
E:\Git Repos\graphics_uu_2020\RayEngine\RayEngine_VS_CODE\ObjectStorage_2D.cpp(31): message : see reference to function template instantiation 'std::shared_ptr<Circle_2D> std::make_shared<Circle_2D,sf::Vector2f,int,int,float>(sf::Vector2f &&,int &&,int &&,float &&)' being compiled
  Generating code
  9 of 230 functions ( 3.9%) were compiled, the rest were copied from previous compilation.
    0 functions were new in current compilation
    12 functions had inline decision re-evaluated but remain unchanged
  Finished generating code
  RayEngine.vcxproj -> E:\Git Repos\graphics_uu_2020\RayEngine\RayEngine_VS_2019\RayEngine\x64\Release\RayEngine.exe
