  Light_2D.cpp
E:\Git Repos\graphics_uu_2020\RayEngine\RayEngine_VS_CODE\Light_2D.cpp(36,27): warning C4305: '=': truncation from 'double' to 'T'
          with
          [
              T=float
          ]
E:\Git Repos\graphics_uu_2020\RayEngine\RayEngine_VS_CODE\Light_2D.cpp(39,31): warning C4305: '+=': truncation from 'double' to 'T'
          with
          [
              T=float
          ]
E:\Git Repos\graphics_uu_2020\RayEngine\RayEngine_VS_CODE\Light_2D.cpp(46,30): warning C4305: '+=': truncation from 'double' to 'T'
          with
          [
              T=float
          ]
E:\Git Repos\graphics_uu_2020\RayEngine\RayEngine_VS_CODE\Light_2D.cpp(51,27): warning C4305: '=': truncation from 'double' to 'T'
          with
          [
              T=float
          ]
E:\Git Repos\graphics_uu_2020\RayEngine\RayEngine_VS_CODE\Light_2D.cpp(54,30): warning C4305: '+=': truncation from 'double' to 'T'
          with
          [
              T=float
          ]
  ObjectStorage_2D.cpp
E:\Git Repos\graphics_uu_2020\RayEngine\RayEngine_VS_CODE\ObjectStorage_2D.cpp(16,72): warning C4305: 'argument': truncation from 'double' to 'T'
          with
          [
              T=float
          ]
E:\Git Repos\graphics_uu_2020\RayEngine\RayEngine_VS_CODE\ObjectStorage_2D.cpp(17,72): warning C4305: 'argument': truncation from 'double' to 'T'
          with
          [
              T=float
          ]
C:\Program Files (x86)\Microsoft Visual Studio\2019\Community\VC\Tools\MSVC\14.25.28610\include\xmemory(204,33): warning C4244: 'argument': conversion from '_Ty' to 'float', possible loss of data
          with
          [
              _Ty=int
          ]
C:\Program Files (x86)\Microsoft Visual Studio\2019\Community\VC\Tools\MSVC\14.25.28610\include\memory(1485): message : see reference to function template instantiation 'void std::_Construct_in_place<_Ty,sf::Vector2<float>,int,int>(_Ty &,sf::Vector2<float> &&,int &&,int &&) noexcept(false)' being compiled
          with
          [
              _Ty=Circle_2D
          ]
C:\Program Files (x86)\Microsoft Visual Studio\2019\Community\VC\Tools\MSVC\14.25.28610\include\memory(1583): message : see reference to function template instantiation 'std::_Ref_count_obj2<_Ty>::_Ref_count_obj2<sf::Vector2<float>,int,int>(sf::Vector2<float> &&,int &&,int &&)' being compiled
          with
          [
              _Ty=Circle_2D
          ]
C:\Program Files (x86)\Microsoft Visual Studio\2019\Community\VC\Tools\MSVC\14.25.28610\include\memory(1584): message : see reference to function template instantiation 'std::_Ref_count_obj2<_Ty>::_Ref_count_obj2<sf::Vector2<float>,int,int>(sf::Vector2<float> &&,int &&,int &&)' being compiled
          with
          [
              _Ty=Circle_2D
          ]
E:\Git Repos\graphics_uu_2020\RayEngine\RayEngine_VS_CODE\ObjectStorage_2D.cpp(22): message : see reference to function template instantiation 'std::shared_ptr<Circle_2D> std::make_shared<Circle_2D,sf::Vector2f,int,int>(sf::Vector2f &&,int &&,int &&)' being compiled
  RayCaster_2D.cpp
  RayEngine_2D.cpp
  Ray_2D.cpp
E:\Git Repos\graphics_uu_2020\RayEngine\RayEngine_VS_CODE\Ray_2D.cpp(34,51): warning C4244: 'argument': conversion from 'double' to 'float', possible loss of data
E:\Git Repos\graphics_uu_2020\RayEngine\RayEngine_VS_CODE\Ray_2D.cpp(34,29): warning C4244: 'initializing': conversion from 'double' to 'float', possible loss of data
E:\Git Repos\graphics_uu_2020\RayEngine\RayEngine_VS_CODE\Ray_2D.cpp(35,51): warning C4244: 'argument': conversion from 'double' to 'float', possible loss of data
E:\Git Repos\graphics_uu_2020\RayEngine\RayEngine_VS_CODE\Ray_2D.cpp(35,29): warning C4244: 'initializing': conversion from 'double' to 'float', possible loss of data
E:\Git Repos\graphics_uu_2020\RayEngine\RayEngine_VS_CODE\Ray_2D.cpp(45,55): warning C4244: 'argument': conversion from 'const T' to 'T', possible loss of data
          with
          [
              T=int
          ]
          and
          [
              T=float
          ]
E:\Git Repos\graphics_uu_2020\RayEngine\RayEngine_VS_CODE\Ray_2D.cpp(45,43): warning C4244: 'argument': conversion from 'const T' to 'T', possible loss of data
          with
          [
              T=int
          ]
          and
          [
              T=float
          ]
  Renderer_2D.cpp
  main.cpp
  Generating Code...
sfml-graphics-d.lib(sfml-graphics-d-2.dll) : fatal error LNK1112: module machine type 'x64' conflicts with target machine type 'x86'
